<?xml version="1.0" encoding="UTF-8"?>
<!-- Generated by org.testng.reporters.JUnitReportReporter -->
<testsuite skipped="0" hostname="Rutuja" name="com.orangehrmlive.XmlTest2" tests="1" failures="0" timestamp="04 Nov 2020 12:38:21 GMT" time="6.686" errors="0">
  <testcase name="paraTest2" time="6.686" classname="com.orangehrmlive.XmlTest2"/>
</testsuite> <!-- com.orangehrmlive.XmlTest2 -->
