<?xml version="1.0" encoding="UTF-8"?>
<!-- Generated by org.testng.reporters.JUnitReportReporter -->
<testsuite skipped="0" hostname="Rutuja" name="com.orangehrmlive.TestNGDemo" tests="3" failures="0" timestamp="07 Dec 2020 09:50:17 GMT" time="17.278" errors="0">
  <testcase name="timeTest" time="4.939" classname="com.orangehrmlive.TestNGDemo"/>
  <testcase name="leaveTest" time="4.992" classname="com.orangehrmlive.TestNGDemo"/>
  <testcase name="adminTest" time="7.347" classname="com.orangehrmlive.TestNGDemo"/>
</testsuite> <!-- com.orangehrmlive.TestNGDemo -->
