<?xml version="1.0" encoding="UTF-8"?>
<!-- Generated by org.testng.reporters.JUnitReportReporter -->
<testsuite skipped="0" hostname="Rutuja" name="com.orangehrmlive.XmlTest" tests="1" failures="0" timestamp="04 Nov 2020 12:38:21 GMT" time="8.073" errors="0">
  <testcase name="paraTest1" time="8.073" classname="com.orangehrmlive.XmlTest"/>
</testsuite> <!-- com.orangehrmlive.XmlTest -->
