<?xml version="1.0" encoding="UTF-8"?>
<!-- Generated by org.testng.reporters.JUnitReportReporter -->
<testsuite skipped="0" hostname="Rutuja" name="com.orangehrmlive.DataProviderTest" tests="2" failures="0" timestamp="04 Nov 2020 19:39:45 GMT" time="20.194" errors="0">
  <testcase name="dt" time="9.653" classname="com.orangehrmlive.DataProviderTest"/>
  <testcase name="dt" time="10.541" classname="com.orangehrmlive.DataProviderTest"/>
</testsuite> <!-- com.orangehrmlive.DataProviderTest -->
