<?xml version="1.0" encoding="UTF-8"?>
<!-- Generated by org.testng.reporters.JUnitReportReporter -->
<testsuite skipped="0" hostname="Rutuja" name="com.orangehrmlive.GroupTest" tests="4" failures="0" timestamp="04 Nov 2020 20:13:19 GMT" time="0.007" errors="0">
  <testcase name="adminmodule1" time="0.004" classname="com.orangehrmlive.GroupTest"/>
  <testcase name="leavemodule2" time="0.001" classname="com.orangehrmlive.GroupTest"/>
  <testcase name="adminmodule2" time="0.001" classname="com.orangehrmlive.GroupTest"/>
  <testcase name="leavemodule1" time="0.001" classname="com.orangehrmlive.GroupTest"/>
</testsuite> <!-- com.orangehrmlive.GroupTest -->
