<?xml version="1.0" encoding="UTF-8"?>
<!-- Generated by org.testng.reporters.JUnitReportReporter -->
<testsuite skipped="0" hostname="Rutuja" name="com.orangehrmlive.DataProviderTest" tests="2" failures="0" timestamp="05 Nov 2020 05:00:48 GMT" time="21.480" errors="0">
  <testcase name="dt" time="11.285" classname="com.orangehrmlive.DataProviderTest"/>
  <testcase name="dt" time="10.195" classname="com.orangehrmlive.DataProviderTest"/>
</testsuite> <!-- com.orangehrmlive.DataProviderTest -->
