<?xml version="1.0" encoding="UTF-8"?>
<!-- Generated by org.testng.reporters.JUnitReportReporter -->
<testsuite skipped="0" hostname="Rutuja" name="com.orangehrmlive.GroupTest" tests="4" failures="0" timestamp="05 Nov 2020 05:00:48 GMT" time="0.002" errors="0">
  <testcase name="adminmodule2" time="0.001" classname="com.orangehrmlive.GroupTest"/>
  <testcase name="leavemodule2" time="0.001" classname="com.orangehrmlive.GroupTest"/>
  <testcase name="adminmodule1" time="0.000" classname="com.orangehrmlive.GroupTest"/>
  <testcase name="leavemodule1" time="0.000" classname="com.orangehrmlive.GroupTest"/>
</testsuite> <!-- com.orangehrmlive.GroupTest -->
